<?xml version="1.0" encoding="UTF-8"?>
<!-- Generated by org.testng.reporters.JUnitReportReporter -->
<testsuite hostname="ihsanbasoeky" failures="0" tests="9" name="tests.LoginTest" time="20.507" errors="0" timestamp="2025-04-19T17:50:05 WIB" skipped="0">
  <testcase classname="tests.LoginTest" name="testLoginWithMultipleCredentials" time="1.814"/>
  <testcase classname="tests.LoginTest" name="testLoginAndVerifyInventoryPage" time="2.170"/>
  <testcase classname="tests.LoginTest" name="testLoginWithExcelData" time="2.133"/>
  <testcase classname="tests.LoginTest" name="testLoginWithMultipleCredentials" time="1.970"/>
  <testcase classname="tests.LoginTest" name="testLoginWithExcelData" time="1.949"/>
  <testcase classname="tests.LoginTest" name="testInvalidLogin" time="1.954"/>
  <testcase classname="tests.LoginTest" name="testValidLogin" time="1.888"/>
  <testcase classname="tests.LoginTest" name="testLoginWithExcelData" time="1.967"/>
  <testcase classname="tests.LoginTest" name="testLoginWithMultipleCredentials" time="4.662"/>
</testsuite> <!-- tests.LoginTest -->
