<?xml version="1.0" encoding="UTF-8"?>
<!-- Generated by org.testng.reporters.JUnitReportReporter -->
<testsuite hostname="ihsanbasoeky" failures="0" tests="3" name="tests.LoginTest" time="11.259" errors="0" timestamp="2025-04-19T15:07:10 WIB" skipped="0">
  <testcase classname="tests.LoginTest" name="testLoginWithExcelData" time="2.700"/>
  <testcase classname="tests.LoginTest" name="testLoginWithExcelData" time="2.725"/>
  <testcase classname="tests.LoginTest" name="testLoginWithExcelData" time="5.834"/>
</testsuite> <!-- tests.LoginTest -->
